<?xml version="1.0"?>
<testsuite name="PhantomJS 2.1.1 (Windows 7 0.0.0)" package="" timestamp="2016-07-23T07:49:34" id="0" hostname="opastukhov-PC" tests="48" errors="0" failures="0" time="4.513">
  <properties>
    <property name="browser.fullName" value="Mozilla/5.0 (Windows NT 6.1; WOW64) AppleWebKit/538.1 (KHTML, like Gecko) PhantomJS/2.1.1 Safari/538.1"/>
  </properties>
  <testcase name="Controller Tests ActivationController calls Auth.activateAccount with the key from stateParams" time="0.318" classname="PhantomJS_2_1_1_(Windows_7_0_0_0).Controller Tests"/>
  <testcase name="Controller Tests ActivationController should set set success to OK upon successful activation" time="0.093" classname="PhantomJS_2_1_1_(Windows_7_0_0_0).Controller Tests"/>
  <testcase name="Controller Tests ActivationController should set set error to ERROR upon activation failure" time="0.087" classname="PhantomJS_2_1_1_(Windows_7_0_0_0).Controller Tests"/>
  <testcase name="Directive Tests Password strength Should display the password strength bar" time="0.157" classname="PhantomJS_2_1_1_(Windows_7_0_0_0).Directive Tests"/>
  <testcase name="Directive Tests Password strength Should change the first 2 points of the strength bar" time="0.108" classname="PhantomJS_2_1_1_(Windows_7_0_0_0).Directive Tests"/>
  <testcase name="Directive Tests Password strength Should change the first 4 points of the strength bar" time="0.092" classname="PhantomJS_2_1_1_(Windows_7_0_0_0).Directive Tests"/>
  <testcase name="Controller Tests PasswordController should show error if passwords do not match" time="0.075" classname="PhantomJS_2_1_1_(Windows_7_0_0_0).Controller Tests"/>
  <testcase name="Controller Tests PasswordController should call Auth.changePassword when passwords match" time="0.087" classname="PhantomJS_2_1_1_(Windows_7_0_0_0).Controller Tests"/>
  <testcase name="Controller Tests PasswordController should set success to OK upon success" time="0.084" classname="PhantomJS_2_1_1_(Windows_7_0_0_0).Controller Tests"/>
  <testcase name="Controller Tests PasswordController should notify of error if change password fails" time="0.092" classname="PhantomJS_2_1_1_(Windows_7_0_0_0).Controller Tests"/>
  <testcase name="Controller Tests RegisterController should ensure the two passwords entered match" time="0.093" classname="PhantomJS_2_1_1_(Windows_7_0_0_0).Controller Tests"/>
  <testcase name="Controller Tests RegisterController should update success to OK after creating an account" time="0.083" classname="PhantomJS_2_1_1_(Windows_7_0_0_0).Controller Tests"/>
  <testcase name="Controller Tests RegisterController should notify of user existence upon 400/login already in use" time="0.145" classname="PhantomJS_2_1_1_(Windows_7_0_0_0).Controller Tests"/>
  <testcase name="Controller Tests RegisterController should notify of email existence upon 400/e-mail address already in use" time="0.159" classname="PhantomJS_2_1_1_(Windows_7_0_0_0).Controller Tests"/>
  <testcase name="Controller Tests RegisterController should notify of generic error" time="0.087" classname="PhantomJS_2_1_1_(Windows_7_0_0_0).Controller Tests"/>
  <testcase name="Controller Tests ResetFinishController should define its initial state" time="0.079" classname="PhantomJS_2_1_1_(Windows_7_0_0_0).Controller Tests"/>
  <testcase name="Controller Tests ResetFinishController registers a timeout handler set set focus" time="0.075" classname="PhantomJS_2_1_1_(Windows_7_0_0_0).Controller Tests"/>
  <testcase name="Controller Tests RequestResetController should define its initial state" time="0.078" classname="PhantomJS_2_1_1_(Windows_7_0_0_0).Controller Tests"/>
  <testcase name="Controller Tests RequestResetController registers a timeout handler set set focus" time="0.076" classname="PhantomJS_2_1_1_(Windows_7_0_0_0).Controller Tests"/>
  <testcase name="Controller Tests RequestResetController notifies of success upon successful requestReset" time="0.083" classname="PhantomJS_2_1_1_(Windows_7_0_0_0).Controller Tests"/>
  <testcase name="Controller Tests RequestResetController notifies of unknown email upon e-mail address not registered/400" time="0.082" classname="PhantomJS_2_1_1_(Windows_7_0_0_0).Controller Tests"/>
  <testcase name="Controller Tests RequestResetController notifies of error upon error response" time="0.088" classname="PhantomJS_2_1_1_(Windows_7_0_0_0).Controller Tests"/>
  <testcase name="Controller Tests SettingsController should send the current identity upon save" time="0.114" classname="PhantomJS_2_1_1_(Windows_7_0_0_0).Controller Tests"/>
  <testcase name="Controller Tests SettingsController should notify of success upon successful save" time="0.089" classname="PhantomJS_2_1_1_(Windows_7_0_0_0).Controller Tests"/>
  <testcase name="Controller Tests SettingsController should notify of error upon failed save" time="0.093" classname="PhantomJS_2_1_1_(Windows_7_0_0_0).Controller Tests"/>
  <testcase name="Controller Tests JhiHealthCheckController baseName and subSystemName should return the basename when it has no sub system" time="0.084" classname="PhantomJS_2_1_1_(Windows_7_0_0_0).Controller Tests"/>
  <testcase name="Controller Tests JhiHealthCheckController baseName and subSystemName should return the basename when it has sub systems" time="0.079" classname="PhantomJS_2_1_1_(Windows_7_0_0_0).Controller Tests"/>
  <testcase name="Controller Tests JhiHealthCheckController baseName and subSystemName should return the sub system name" time="0.077" classname="PhantomJS_2_1_1_(Windows_7_0_0_0).Controller Tests"/>
  <testcase name="Controller Tests JhiHealthCheckController baseName and subSystemName should return the subsystem when it has multiple keys" time="0.078" classname="PhantomJS_2_1_1_(Windows_7_0_0_0).Controller Tests"/>
  <testcase name="Controller Tests JhiHealthCheckController transformHealthData should flatten empty health data" time="0.072" classname="PhantomJS_2_1_1_(Windows_7_0_0_0).Controller Tests"/>
  <testcase name="Controller Tests JhiHealthCheckController transformHealthData should flatten health data with no subsystems" time="0.08" classname="PhantomJS_2_1_1_(Windows_7_0_0_0).Controller Tests"/>
  <testcase name="Controller Tests JhiHealthCheckController transformHealthData should flatten health data with subsystems at level 1, main system has no additional information" time="0.08" classname="PhantomJS_2_1_1_(Windows_7_0_0_0).Controller Tests"/>
  <testcase name="Controller Tests JhiHealthCheckController transformHealthData should flatten health data with subsystems at level 1, main system has additional information" time="0.097" classname="PhantomJS_2_1_1_(Windows_7_0_0_0).Controller Tests"/>
  <testcase name="Controller Tests JhiHealthCheckController transformHealthData should flatten health data with subsystems at level 1, main system has additional error" time="0.081" classname="PhantomJS_2_1_1_(Windows_7_0_0_0).Controller Tests"/>
  <testcase name="Controller Tests LoginController should set remember Me" time="0.076" classname="PhantomJS_2_1_1_(Windows_7_0_0_0).Controller Tests"/>
  <testcase name="Controller Tests Booking Management Detail Controller Root Scope Listening Unregisters root scope listener upon scope destruction" time="0.088" classname="PhantomJS_2_1_1_(Windows_7_0_0_0).Controller Tests"/>
  <testcase name="Controller Tests Category Management Detail Controller Root Scope Listening Unregisters root scope listener upon scope destruction" time="0.091" classname="PhantomJS_2_1_1_(Windows_7_0_0_0).Controller Tests"/>
  <testcase name="Controller Tests Comment Management Detail Controller Root Scope Listening Unregisters root scope listener upon scope destruction" time="0.087" classname="PhantomJS_2_1_1_(Windows_7_0_0_0).Controller Tests"/>
  <testcase name="Controller Tests Country Management Detail Controller Root Scope Listening Unregisters root scope listener upon scope destruction" time="0.078" classname="PhantomJS_2_1_1_(Windows_7_0_0_0).Controller Tests"/>
  <testcase name="Controller Tests Currency Management Detail Controller Root Scope Listening Unregisters root scope listener upon scope destruction" time="0.074" classname="PhantomJS_2_1_1_(Windows_7_0_0_0).Controller Tests"/>
  <testcase name="Controller Tests ProductAddress Management Detail Controller Root Scope Listening Unregisters root scope listener upon scope destruction" time="0.075" classname="PhantomJS_2_1_1_(Windows_7_0_0_0).Controller Tests"/>
  <testcase name="Controller Tests Product Management Detail Controller Root Scope Listening Unregisters root scope listener upon scope destruction" time="0.075" classname="PhantomJS_2_1_1_(Windows_7_0_0_0).Controller Tests"/>
  <testcase name="Controller Tests Rate Management Detail Controller Root Scope Listening Unregisters root scope listener upon scope destruction" time="0.077" classname="PhantomJS_2_1_1_(Windows_7_0_0_0).Controller Tests"/>
  <testcase name="Controller Tests Tag Management Detail Controller Root Scope Listening Unregisters root scope listener upon scope destruction" time="0.073" classname="PhantomJS_2_1_1_(Windows_7_0_0_0).Controller Tests"/>
  <testcase name="Controller Tests TimeSlot Management Detail Controller Root Scope Listening Unregisters root scope listener upon scope destruction" time="0.074" classname="PhantomJS_2_1_1_(Windows_7_0_0_0).Controller Tests"/>
  <testcase name="Controller Tests UserAddress Management Detail Controller Root Scope Listening Unregisters root scope listener upon scope destruction" time="0.08" classname="PhantomJS_2_1_1_(Windows_7_0_0_0).Controller Tests"/>
  <testcase name="Controller Tests WishList Management Detail Controller Root Scope Listening Unregisters root scope listener upon scope destruction" time="0.109" classname="PhantomJS_2_1_1_(Windows_7_0_0_0).Controller Tests"/>
  <testcase name="Service Tests Auth should call backend on logout then call authServerProvider.logout" time="0.111" classname="PhantomJS_2_1_1_(Windows_7_0_0_0).Service Tests"/>
  <system-out>
    <![CDATA[PhantomJS 2.1.1 (Windows 7 0.0.0) DUMP: 'background-color: rgb(153, 255, 0);'

]]>
  </system-out>
  <system-err/>
</testsuite>